44143724848097
41658269454378
26826645625912
51257702275074
4184143051969
31456277928023
56041501554813
8832821493481
24353795843979
12852432795614
64154254959808
25970403142196
13652088126876
64402411328976
37322962827190
42008230682370
3983371688579
56092300074023
10836886738117
51462851566831
50443720685636
676030127664
72452128304576
1976627964493
27301577188274
74712924808669
64495442155715
13698600792791
8936830576290
52740555222862
7480451597867
11571499486318
6309890789634
15624548474534
75800388600496
1113187734016
32730703018552
33190097304824
58831885757435
39952177641126
48658266436753
4579814347971
64300412340877
40806567312657
32063582009353
25402648883715
31161819337101
42849644880419
70899530637166
91253858168539
55346505419999
13486169094074
55101452076092
93752814731480
44152638236893
85801771307775
17518478601169
55644258498505
51634707250014
38485323692961
15767054246216
95785860807757
10667976698717
43545322442088
36651935210212
43392094314903
82485282400319
74610679467253
41967123775976
28599882741856
10918475758120
32379088109292
13701961074767
41677028661131
71615766020386
52501270832173
50047442609139
38554692953473
28022831799649
18012533653230
47756110337653
9741275366286
16949103511623
7812996425718
26243590283653
3841521457169
78090941730822
10467606099519
25271538444462
21794546945618
39081218710039
41355728710024
37263320827678
39662294635931
13076264451616
1847974560392
40426111085355
26621701158028
373148662114
10622129458493
