32333
17346
32402
29340
32830
7930
14519
42211
2179
89117
65455
20012
74032
94445
542
17517
16394
53442
8474
66301
24416
32359
9322
49575
95100
23508
44887
23715
6824
19229
18940
21551
22081
10207
54449
16055
16472
15798
19919
43498
32287
33457
16678
19421
20515
973
49550
65731
28638
36831
40753
9957
51392
29723
12667
12913
1697
32963
47834
21332
39249
7825
38533
54095
76545
8910
12428
7292
19913
19667
12648
47084
34067
78483
81191
1326
13363
49821
52656
70334
17919
19097
81074
3677
36023
84535
69035
32906
38983
5929
31723
76257
19716
2410
8568
72806
44604
57999
83069
44617
