716742813
157574766
438569222
34317602
516902691
411135371
208822387
258813920
636059890
707729818
364271809
388011613
258547924
334421065
140529803
539669276
438066382
423176596
465423068
733452255
314815641
427737163
175132904
240912371
58930573
537629049
250053973
611726382
378019558
581923489
352369169
813101301
220997804
185181945
52442045
431403218
341835053
183334588
360543220
389918674
5452900
536757171
431942347
583976576
469529179
68973706
71897414
133595632
282723373
247205356
140317156
815101796
757861683
228781999
24134378
394273112
141553016
515964110
294589013
182082595
69569370
490294967
206548860
230681243
233162772
248342949
627525435
75917880
649401834
70743524
889890877
157558550
409769245
509101070
202061298
93741273
146640342
164308239
121225605
48558505
296885170
21926032
312852927
684580784
57456906
459495343
884860894
61198999
74469662
5180133
37642919
154319620
97665082
108035331
8243544
246047085
279913468
290321583
719923026
48190353
