2218
3392
4945
7379
15533
19138
28452
30760
38774
43585
49394
49592
59570
65733
71170
80283
85334
90795
94003
100979
108760
116553
123308
129580
134394
136727
142545
146115
152023
153849
159514
159632
165935
173926
180931
184030
185133
194014
196998
206421
213402
217841
226650
234674
235493
238100
247595
249656
252956
257476
266859
271488
273864
276971
278071
284915
291083
298701
302725
306780
309947
312995
314464
324122
324290
325286
332846
335924
340616
346179
355876
360690
368999
376425
385466
394723
400717
404765
407980
412087
414717
414717
417987
427641
435713
443656
448286
456007
460533
463455
465816
474120
478899
481272
487927
488981
495266
495266
502828
505745
506240
515453
523205
524825
527007
530149
539426
540455
544156
549074
555027
556601
557294
564666
574169
574460
580559
583190
586616
587956
589891
598909
603635
605983
608503
609642
612124
612124
618832
628646
629562
632276
637151
641364
645468
648466
657578
666297
672928
676144
683755
687993
691890
698528
707046
714454
722847
722847
730958
732796
735942
736680
738642
748525
754147
763309
773143
778900
780896
782609
787730
791547
793025
793025
799159
801099
801731
802586
811357
811357
811502
818004
819071
826379
832921
834853
838018
840296
845948
847528
857122
861334
864284
864587
873530
881067
887328
892829
893676
902167
905694
907882
909029
917060
923834
926486
928011
932638
934139
942516
946843
947705
956074
958541
964207
967292
968697
977259
977629
978329
987619
990129
999965
1003325
1006251
1011779
1019335
1027844
1036499
1042444
1043235
1046294
1051879
1053527
1059044
1062615
1072058
1072259
1077359
1077644
1079450
1082787
1085064
1090936
1098437
1099876
1104734
1111351
1113297
1114938
1123628
1130272
1134942
1142618
1151785
1158422
1162222
1165363
1167246
1175049
1184941
1194779
1199970
1208270
1217333
1222245
1223067
1231340
1237994
1238147
1246545
1256091
1264017
1273348
1273348
1283294
1287270
1296093
1298663
1304944
1314312
1323471
1324371
1331913
1333272
1341498
1342461
1344106
1352176
1352352
1357806
1359134
1364271
1370584
1373874
1381318
1381816
1384207
1392622
1393597
1399912
1405310
1413368
1420151
1421005
1428221
1430367
1433356
1436564
1438760
1444010
1445694
1449184
1453861
1457411
1459821
1466270
1467707
1476333
1481743
1487155
1487517
1490442
1492844
1497077
1498162
1498663
1503347
1512729
1520021
1524058
1526478
1529766
1537945
1539254
1540791
1545414
1554857
1557034
1564234
1574077
1575103
1579019
1580578
1588207
1588859
1597852
1599722
1601678
1607813
1609774
1612725
1614920
1615100
1624825
1629592
1632404
1636439
1645000
1650165
1651224
1655663
1656850
1656850
1657115
1665321
1673885
1673885
1679992
1689526
1696790
1704929
1704967
1709932
1709932
1710264
1720185
1726957
1735030
1737838
1738502
1739651
1744834
1748594
1753298
1761884
1769868
1772123
1773172
1776806
1778258
1784923
1785590
1794656
1803733
1805668
1814648
1815564
1824272
1829726
1829726
1835980
1845280
1850001
1856362
1857705
1865478
1865478
1872288
1878205
1879142
1884128
1884754
1890652
1897771
1899035
1908571
1911457
1912079
1917278
1921335
1929017
1933348
1941850
1943971
1949134
1950593
1951017
1954034
1960612
1961681
1969880
1974181
1981345
1983819
1992206
2001104
2009857
2012042
2019839
2028852
2029697
2039173
2044940
2051483
2052669
2059824
2066279
2071004
2078406
2082494
2083048
2091524
2098589
2103283
2111442
2113151
2115313
2121459
2130819
2138292
2142870
2147474
2150977
2154852
2154852
2160435
2161746
2161908
2171347
2178526
2186521
2190940
2194452
2194483
2201016
2207643
2208376
2210478
2218772
2223683
2228409
2235171
2237832
2243058
2250853
2253959
2262592
2266634
2271045
2281012
2287877
2291790
2301779
2311075
2313694
2323162
2331630
2332214
2338452
2346670
2350834
2354508
2362274
2370890
2380746
2381561
2382766
2390447
2399872
2406494
2413643
2420537
2428055
2428755
2431972
2439100
2442035
2443256
2446832
2454171
2454171
2458036
2464610
2472871
2478531
2480908
2486342
2495706
2504941
2509814
2518647
2521592
2526629
2527801
2537770
2544054
2552497
2553228
2559053
2559520
2560034
2564995
2568933
2578220
2578233
2578810
2587048
2589890
2598679
2604668
2606010
2613724
2621261
2629916
2634036
2637033
2640669
2647679
2655155
2657185
2659821
2667690
2676972
2677860
2686281
2690306
2693945
2698633
2702840
2705927
2709279
2709844
2712750
2712763
2722744
2722744
2725618
2726762
2730991
2734168
2738350
2746844
2750774
2751301
2758794
2766581
2771440
2780563
2780563
2789030
2793642
2794644
2795560
2797522
2805822
2815285
2823802
2827864
2830935
2839552
2840355
2844092
2846556
2855079
2860985
2861666
2870415
2876511
2882011
2886427
2890998
2900863
2909836
2910339
2919790
2922822
2927530
2928272
2933774
2941674
2947653
2956054
2962396
2963478
2971128
2978775
2982164
2985381
2985486
2989316
2996827
2997189
2998980
3008091
3010877
3016353
3019845
3024349
3032083
3033207
3037282
3045196
3050147
3050147
3050176
3059290
3066078
3066711
3067092
3075722
3083651
3087885
3087885
3089383
3091827
3095057
3095344
3104493
3109050
3114787
3121358
3130220
3138770
3145847
3145847
3150930
3150930
3154860
3157796
3165548
3175351
3179787
3185338
3185578
3194489
3197077
3201419
3201963
3209931
3215057
3219520
3225399
3235270
3237167
3244341
3245330
3250233
3259216
3268744
3274647
3281667
3283170
3292683
3294553
3294553
3295372
3304335
3311452
3319951
3324446
3333372
3343264
3343521
3345541
3348650
3356055
3360674
3370483
3374532
3379626
3382669
3383809
3388896
3394111
3403192
3408955
3414755
3421135
3428131
3434458
3434776
3438547
3444558
3450030
3457696
3462204
3470857
3473430
3483268
3483268
3483268
3492449
3500401
3507576
3515235
3519834
3525008
3534855
3539776
3543108
3549419
3555912
3558476
3564960
3569773
3572245
3573521
3582389
3583097
3588508
3590469
3597000
3597673
3605906
3611872
3616463
3625629
3629201
3632533
3632723
3636142
3636714
3637800
3638820
3648717
3654122
3658697
3660765
3663275
3666076
3669715
3673806
3680880
3686635
3692247
3698972
3708847
3713613
3716286
3721286
3722839
3728086
3728848
3730410
3732826
3735587
3740089
3747725
3751858
3757081
3758846
3768545
3776076
3776076
3777964
3782057
3788701
3794832
3798267
3803328
3804610
3806552
3808698
3815344
3816833
3821754
3825385
3834528
3837011
3841534
3846397
3852395
3853390
3860926
3866092
3875982
3881449
3886944
3887922
3891551
3896792
3901845
3904843
3913081
3914171
3922413
3925745
3932335
3937288
3943734
3948651
3958476
3965120
3965447
3965878
3967193
3976609
3979511
3986326
3993622
4003606
4011870
4020045
4025026
4032121
4040668
4044728
4051077
4054431
4054431
4060273
4063813
4073190
4081140
4085007
4088175
4097665
4098127
4102551
4108506
4118298
4122415
4124928
4125092
4133751
4135202
4139033
4139539
4143029
4147941
4155431
4157484
4159127
4159432
4168563
4173357
4177762
4180243
4186326
4189508
4193488
4194302
4198091
4204854
4207936
4213566
4223518
4225247
4227287
4228258
4228334
4234592
4240091
4247610
4248986
4256136
4257243
4258023
4260126
4261195
4261829
4261829
4267974
4273944
4276769
4283685
4291451
4300676
4309486
4315329
4316484
4317230
4322379
4326816
4335013
4342408
4342826
4343931
4353305
4358253
4365857
4373173
4381519
4391362
4391475
4395856
4404943
4405473
4406683
4407630
4413916
4421054
4422420
4428980
4436716
4443341
4443809
4452833
4458961
4466347
4469396
4475018
4478005
4478133
4483626
4490217
4494143
4498967
4499753
4504390
4513746
4520216
4527375
4529344
4530579
4537397
4540075
4544604
4549212
4555587
4559995
4566701
4569400
4577721
4582167
4586748
4588128
4592152
4594254
4600926
4609662
4615659
4616592
4619744
4622557
4625795
4635158
4636538
4639351
4646124
4647079
4647079
4648818
4654995
4661038
4664455
4672411
4676814
4679618
4681275
4689875
4698336
4701122
4704046
4710068
4712337
4719194
4724520
4732969
4735231
4742351
4747089
4747281
4747705
4747983
4753232
4755311
4764428
4771364
