6283
12404
19331
23487
32182
38902
41850
50188
52997
54649
57570
57629
60053
66824
71131
78983
86922
95896
105422
105750
109342
116427
124222
127971
135316
137984
147362
149556
151578
159848
164033
171994
174548
178573
179601
180376
189195
199150
202195
211106
211869
221754
229387
229602
233042
237354
242848
250506
255808
262137
271842
279159
285613
293826
295416
303073
307475
311258
316536
325140
330959
337954
347047
349749
350036
354416
359263
367215
376524
376587
380419
385292
389367
395586
396038
402218
404304
407846
415133
415538
416875
418280
428154
431065
439026
448388
448388
458286
463571
467175
476669
485293
491779
500446
504565
514176
518636
520630
523530
530990
538797
544577
552132
554660
555958
557809
558178
558178
565562
566728
574896
578092
578733
582587
584797
593375
596136
597991
602104
607208
608791
608791
614540
616245
626125
627570
630595
632731
636684
644856
650905
653990
655196
658138
667735
673273
679984
681280
682710
685135
686668
695893
704999
708907
709553
717213
725456
725764
731823
733682
737957
743318
748911
755455
762823
768638
774162
777360
777924
783136
787633
796986
806231
806231
810521
820009
828636
834443
841507
844098
844098
850539
858796
864986
870707
873191
877466
881183
885903
885903
885903
894515
898344
901457
902240
905232
911609
914501
917752
921647
928903
933122
934633
939376
939842
945396
946012
948359
950885
958006
967711
976488
984989
991784
994881
997928
1005450
1015285
1019273
1024155
1027756
1034927
1043516
1045828
1051080
1051616
1061455
1066196
1068607
1076297
1082498
1090874
1096940
1101032
1110798
1119727
1120869
1129280
1134364
1135782
1137973
1138638
1143905
1152663
1156925
1159243
1162822
1172329
1172329
1175741
1181301
1187942
1189985
1193728
1195294
1199404
1205185
1208271
1213213
1218720
1227397
1227469
1228362
1233930
1240901
1243976
1248917
1255446
1263455
1267768
1269249
1271786
1272258
1275532
1282474
1284227
1293589
1297295
1303390
1312582
1312611
1313956
1314676
1319222
1324694
1328569
1338208
1344212
1346837
1346870
1347254
1353110
1356574
1364175
1364977
1370591
1372033
1374089
1380405
1385738
1386657
1388120
1396880
1398205
1401822
1403035
1408025
1410755
1419084
1425158
1425324
1426399
1436077
1438525
1447460
1456493
1461957
1464860
1471546
1471776
1472668
1482598
1485224
1493087
1493087
1493635
1500260
1504977
1508585
1513658
1519125
1522019
1522056
1524832
1529827
1535795
1543972
1547763
1549998
1552972
1557762
1564566
1567408
1568445
1575813
1583572
1583572
1588424
1588927
1591830
1596480
1604856
1614750
1614843
1621225
1623178
1632335
1635792
1636784
1639446
1641383
1648248
1654823
1654823
1659557
1659688
1668138
1671054
1671054
1675393
1681486
1687720
1689812
1694342
1701159
1701214
1704172
1706062
1712246
1722108
1722108
1729331
1738617
1744969
1752511
1754883
1758068
1761443
1766260
1773081
1775926
1782401
1786346
1787791
1788605
1788605
1796831
1797376
1799462
1806794
1807796
1811916
1820218
1820218
1826783
1831491
1840319
1845995
1851849
1861327
1861327
1866205
1873720
1875902
1882226
1886624
1888781
1890473
1900471
1902739
1909411
1915752
1920062
1925232
1925877
1928794
1935247
1943802
1949636
1952182
1959001
1968143
1968143
1977736
1986153
1989490
1990652
1991998
1993512
1998956
1999291
1999839
2005370
2014137
2014436
2022151
2029141
2038991
2039910
2049091
2055552
2065393
2065393
2074218
2075508
2081980
2090405
2099100
2102950
2105621
2110456
2112130
2121205
2128513
2133974
2138834
2148805
2150849
2152677
2155008
2163121
2164233
2171014
2174453
2175557
2177148
2184316
2188342
2190965
2199906
2206540
2209022
2211177
2212030
2220186
2228291
2234486
2242923
2251651
2257557
2262547
2271193
2275421
2285139
2285332
2293176
2298659
2307967
2315745
2321128
2328481
2334530
2339571
2345003
2349982
2359154
2361205
2367467
2374474
2377154
2385277
2387719
2392930
2400980
2409098
2414031
2419526
2421824
2424914
2433607
2439466
2439466
2443773
2449600
2450997
2451537
2452717
2454650
2454650
2464393
2470223
2477266
2486476
2493572
2495504
2504143
2509598
2516973
2520003
2525105
2525537
2532672
2538514
2541561
2545073
2546565
2554410
2561740
2567956
2572635
2575297
2578393
2585394
2587989
2594863
2598063
2605083
2606919
2615709
2616636
2617291
2624649
2630104
2639871
2646576
2647715
2654093
2662061
2662415
2668774
2677698
2685551
2688983
2697694
2705333
2707909
2709411
2710384
2718347
2721816
2727079
2729808
2733121
2738243
2746806
2753659
2763177
2763177
2763177
2763177
2772279
2781689
2785960
2793383
2793383
2796775
2799328
2803335
2808295
2815055
2824438
2829559
2831256
2838492
2843215
2846434
2851337
2856821
2856821
2858025
2859817
2863529
2867260
2869183
2875752
2885086
2885816
2888324
2892302
2892333
2896853
2906041
2909664
2909879
2909933
2913475
2915820
2923030
2930020
2930248
2930486
2939771
2946817
2953707
2954424
2956670
2965791
2970499
2977810
2983953
2991384
2991384
2999647
3007354
3007354
3015586
3018486
3019467
3023706
3033291
3041155
3046339
3052551
3056822
3059139
3065192
3074911
3084395
3087401
3091116
3093307
3103190
3109960
3116373
3116373
3120190
3125420
3128843
3129677
3136563
3142360
3144063
3149641
3153535
3161138
3168317
3168317
3168830
3176540
3180902
3181037
3187413
3193819
3193941
3199939
3202957
3203687
3209148
3214831
3219401
3223099
3223214
3231507
3239547
3241307
3244775
3251561
3258122
3265843
3268538
3268538
3270474
3279557
3283803
3291657
3292129
3297229
3299810
3308281
3317549
3325528
3334988
3337669
3341518
3345990
3349576
3349576
3350759
3352497
3355899
3365631
3374595
3382693
3385730
3390168
3392766
3402070
3409885
3410378
3416136
3424974
3431459
3431460
3433363
3437533
3437957
3441365
3442752
3449183
3457746
3466499
3472994
3480359
3486864
3488009
3490463
3490766
3491566
3497321
3506803
3509315
3516910
3525170
3534941
3537706
3540994
3549148
3551600
3561546
3567440
3576493
3580279
3586895
3593726
3593805
3596933
3596966
3600363
3602310
3604656
3612406
3616505
3619441
3622819
3628743
3628743
3637739
3638233
3639913
3640067
3643874
3646193
3648180
3652441
3660925
3664849
3671273
3673582
3683508
3689184
3695701
3700973
3705339
3711066
3713991
3719720
3726411
3733098
3742472
3746644
3753210
3762763
3771006
3775515
3776908
3786060
3795120
3803754
3806834
3809562
3814230
3822752
3823799
3829692
3837012
3839020
3844397
3845603
3848128
3852654
3859173
3865389
3868843
3877782
3880707
3888962
3896261
3900050
3903508
3907208
3911959
3920600
3930593
3931441
3931441
3931441
3934986
3937277
3944738
3949413
3954084
3960622
3970315
3975089
3976360
3977224
3982990
3992130
3997909
4006656
4012633
4019069
4020174
4021016
4022506
4024341
4025808
4028082
4028953
4035675
4037261
4045402
4052711
4060501
4062283
4065526
4069065
4074292
4078234
4081338
4089886
4096872
4100212
4101722
4106809
4106809
4109872
4117901
4117901
4123551
4129226
4137678
4145608
4153056
4154761
4164164
4167233
4169567
4179043
4182982
4188067
4195574
4199154
4199482
4209247
4211656
4216851
4223371
4230572
4238890
4243487
4246817
4248030
4257497
4265734
4271364
4276935
4280825
4282136
4285279
4290893
4297812
4307578
4309768
4312665
4322167
4322987
4332817
4335128
4339916
4345451
4353546
4361409
4369302
4371594
4374850
4376421
4377965
4386218
4388122
4394882
4401711
4408761
4413039
4415508
4425343
4430377
4431649
4433883
4436119
4443363
4443363
4450295
4454439
4461256
4461656
4463634
4472019
4477854
4477854
4478647
4485848
4488249
4497182
4499210
4503579
4507149
4507149
4517064
4523259
4531459
4537551
4538498
4546199
4554349
4560896
4567831
4571644
4579366
4585225
4591779
4600628
4610392
4618269
4625933
4633018
4636374
4643731
4648580
4648580
4649936
4655662
4656270
4661128
4669759
4674677
4675410
4679028
4679357
4688973
4696088
4704340
4711570
4719713
4724079
4727276
4735550
4742015
4742333
4743219
4743219
4751567
4755487
4759006
4767041
4775750
4783370
4793131
4793970
4796233
