644
936
1711
2389
3246
4025
4149
5100
6086
6843
7666
7694
8572
9168
9185
10002
10546
11380
12035
12398
12637
12995
13436
13807
13818
14703
15526
15688
16423
16915
17201
17703
17800
17918
18512
19462
19604
19702
20361
20365
21330
21635
21774
22504
22736
23086
24066
24503
25392
25983
26155
26257
26495
26792
26863
27396
28199
28977
29764
30502
30523
31034
31560
32423
33379
33632
34368
34710
35414
36342
36795
36999
37294
38263
39126
39578
39734
40282
40769
40852
40853
41405
42068
42354
42440
42895
43886
44756
45720
45886
46580
46741
46920
47499
48331
49206
49519
50446
51261
51294
51439
51975
52707
53410
53932
54594
55197
55666
56229
56383
56643
56736
56820
57466
58033
58311
58748
59610
60480
61107
61645
62175
62893
63547
63746
64142
64921
65845
66360
66360
67062
67713
68433
68847
69759
70313
70634
71039
71553
72257
72383
72734
73436
74202
74202
74292
74929
75299
76293
76336
76519
77239
77924
78803
79709
79897
80077
80979
81923
82194
82865
83102
83895
84446
85357
85918
86435
86911
87156
87648
88342
88555
89230
89567
90099
90559
91384
92171
92561
92911
93112
94049
94669
95279
95772
96174
96441
96714
97166
97716
98664
99357
99752
100156
100165
100518
100746
101163
101955
102390
102682
103485
103874
104673
105670
106477
106565
106647
107281
107946
108547
109329
109845
109935
110808
110992
111249
111254
112213
112292
112418
113342
113742
114361
115200
115793
116503
116932
117561
117840
118162
118614
119480
119764
120326
121101
121982
122120
122885
123091
123524
124511
124725
125137
125258
125508
126340
126745
127032
127529
127712
128704
129428
129761
130220
130653
131123
131126
131346
132328
132725
132820
133231
133618
134222
134817
135307
135830
136746
137243
137841
138607
139377
139900
140504
140969
141965
142325
142998
143493
143596
144146
145069
145698
146508
147205
147548
148315
149165
149228
149945
150108
150154
150828
151740
152372
153213
154174
154329
154939
155314
156063
157052
157237
157872
158419
158836
159606
160219
160389
160746
161238
162152
162396
163179
163452
163672
164413
164953
165905
166725
167470
168255
168641
169358
169817
170803
170872
171091
171962
172633
173580
174240
174589
175281
176212
177204
177832
178180
178937
179549
179549
179906
180119
180889
181048
181406
182007
182783
182981
183342
183782
183843
183956
184910
185807
186290
186325
186557
187273
188060
188514
189077
189776
190289
190614
190979
191015
191994
192683
193663
193864
194109
194737
194770
195054
195472
195739
196704
197035
197278
197789
197985
197985
198409
198627
199532
200506
201003
201948
202575
203068
203643
203814
204736
205008
205193
205614
206565
207228
207516
208110
208376
208858
209750
210334
210657
211301
211935
212902
213818
214068
214913
215773
215902
215996
216166
216206
216442
216508
217191
217892
218781
218781
219037
219664
220162
220536
221058
221888
221901
222088
223031
223231
223520
224383
224690
225361
225387
225943
226624
226830
226946
227910
228767
229616
230269
230405
231318
232042
232042
232962
233953
234835
234930
234975
235179
236050
236902
237398
237819
238177
238784
239672
239679
239901
240380
240433
240490
240865
241312
241820
241820
242693
242827
242848
243640
244132
244895
245026
245226
246144
246786
247289
247948
248473
248696
248731
248837
248999
249622
249732
250212
250367
251191
251923
252610
253217
253217
254185
254405
255221
255609
256070
256941
257252
257389
257482
258369
259004
259049
259173
259910
260808
261069
261495
261833
262700
263439
263914
264191
264390
265030
265133
265865
266410
266439
266994
267841
268573
268880
269546
269546
270034
270376
271161
271843
272283
272645
272811
273250
273421
274278
274424
274855
275035
275164
275286
275319
275455
276125
276746
277528
278520
279362
280220
280777
280777
281163
282150
282699
283671
284670
284845
285104
285941
286456
287425
287773
288123
288972
289663
289817
290698
291678
292456
292659
292897
293590
294460
294531
295423
296114
296645
297072
297244
297837
298176
299019
299167
299217
299402
299557
299976
300085
300268
301108
302105
302598
303165
304099
304473
305470
305890
306860
307290
307607
307982
308761
309641
310509
310752
311458
311600
312591
313477
314313
314579
315524
316253
316358
317333
317515
317966
318715
319046
319993
320429
321140
322135
322581
323013
323446
324054
324836
325401
325762
326029
326327
326358
327251
328074
328093
328433
328474
329033
329120
329488
329884
330086
330352
330572
330685
331035
331242
332114
332847
333351
333405
334136
334166
334242
334877
335000
335922
336864
337192
337986
338556
338790
339059
339173
339717
340291
341275
341443
341825
342301
342789
343017
343158
343391
343452
344304
344354
345051
345789
346211
347006
347342
347966
347966
348680
349026
349719
350627
350627
351496
351738
351955
352276
352882
353068
353252
354005
354861
355274
355562
355672
356485
356927
357517
358013
358830
359405
360404
360503
361004
361853
362520
362788
363459
363772
364204
364987
365396
366270
366459
367106
367727
368114
368930
369133
369734
369971
370916
371229
371564
372041
372876
373253
373817
373994
374081
374488
374509
375342
376079
376313
376752
377621
378280
379244
379537
379542
379901
380215
380635
381018
381835
382141
382640
382640
382775
383390
383672
384238
384787
385766
386550
386910
387507
388180
388656
388876
389526
390509
391111
391686
392152
393065
393573
394319
394412
395040
395692
396455
397377
398309
398725
399138
399292
399417
400117
400590
401504
401986
402398
402491
403313
404299
404358
404607
404709
404919
405118
405828
405860
406766
407397
407770
407990
408067
408396
408852
409020
409696
409741
410668
411178
411347
412190
412676
412761
413682
413696
414217
414986
415837
415992
416386
417262
417413
418189
418987
419166
420066
420731
421649
422594
422676
423075
423192
423628
424172
424715
424784
425367
425738
426138
426180
426288
426878
427203
427819
428116
428133
428433
428467
428670
429409
429999
430164
430199
430919
431715
432246
432455
433200
433315
433550
433784
434379
434476
435011
435972
436934
437453
437752
437752
438120
438545
439157
440079
440079
440372
440528
440911
441717
442410
442808
443134
443146
443420
444341
445023
445463
446450
446554
447064
447887
448339
449324
449526
450011
450941
451113
451511
452233
453097
453186
454113
454611
454615
454652
454875
455523
455694
456113
456871
457289
458261
459189
460108
460532
460662
460906
460939
461596
461721
462039
462240
463198
463547
464262
464651
465123
465206
465705
466642
467152
467190
467599
467853
468335
468840
469759
469839
470242
470414
470585
471329
471581
471716
471716
472159
473133
473530
474394
474650
475464
476158
476825
477005
477135
477273
477925
478716
479276
480140
480461
480624
481434
481557
481653
482234
482481
483151
484144
484273
484687
484856
485836
486373
487193
488147
488503
489022
489288
489724
489812
490359
490576
491501
492378
492906
493628
494034
